<?xml version="1.0" encoding="UTF-8"?>
<!-- Generated by org.testng.reporters.JUnitReportReporter -->
<testsuite hostname="LAPTOP-QFB7FCFV" failures="0" tests="1" name="test.AddCustomerTest" time="10.917" errors="0" timestamp="2023-01-19T21:33:31 CST" skipped="0">
  <testcase classname="test.AddCustomerTest" name="validCustomerShouldBeAbleToCreateCustomer" time="10.917"/>
  <system-out/>
</testsuite> <!-- test.AddCustomerTest -->
