<?xml version="1.0" encoding="UTF-8"?>
<!-- Generated by org.testng.reporters.JUnitReportReporter -->
<testsuite hostname="LAPTOP-QFB7FCFV" failures="0" tests="1" name="test.LoginTest" time="3.381" errors="0" timestamp="2023-01-19T18:59:05 CST" skipped="0">
  <testcase classname="test.LoginTest" name="ValidUserShouldBeAbleToLogin" time="3.381"/>
  <system-out/>
</testsuite> <!-- test.LoginTest -->
